2019-04-18T10:20:07+00:00 INFO Generating payment form for order 2004. Notify URL: http://www.pauluduk.com/?wc-api=WC_Gateway_Paypal
2019-04-18T10:20:07+00:00 INFO PayPal Request Args for order 2004: Array
(
    [cmd] => _cart
    [business] => pauluduk@gmail.com
    [no_note] => 1
    [currency_code] => USD
    [charset] => utf-8
    [rm] => 1
    [upload] => 1
    [return] => http://www.pauluduk.com/?page_id=209&order-received=2004&key=wc_order_tqwfxUsoia7Qm&utm_nooverride=1
    [cancel_return] => http://www.pauluduk.com/?page_id=208&cancel_order=true&order=wc_order_tqwfxUsoia7Qm&order_id=2004&redirect&_wpnonce=d3cc4907d8
    [page_style] => 
    [image_url] => 
    [paymentaction] => sale
    [invoice] => WC-2004
    [custom] => {"order_id":2004,"order_key":"wc_order_tqwfxUsoia7Qm"}
    [notify_url] => http://www.pauluduk.com/?wc-api=WC_Gateway_Paypal
    [first_name] => ***
    [last_name] => ***
    [address1] => ***
    [address2] => ***
    [city] => ***
    [state] => ***
    [zip] => ***
    [country] => ***
    [email] => ***@***
    [night_phone_a] => ***
    [night_phone_b] => ***
    [address_override] => 0
    [no_shipping] => 0
    [tax_cart] => 0.00
    [item_name_1] => The Celebrity Speaker
    [quantity_1] => 1
    [amount_1] => 500
    [item_number_1] => 
    [bn] => WooThemes_Cart
)

