2019-04-13T15:50:33+00:00 INFO Generating payment form for order 1996. Notify URL: http://www.pauluduk.com/?wc-api=WC_Gateway_Paypal
2019-04-13T15:50:33+00:00 INFO PayPal Request Args for order 1996: Array
(
    [cmd] => _cart
    [business] => pauluduk@gmail.com
    [no_note] => 1
    [currency_code] => USD
    [charset] => utf-8
    [rm] => 1
    [upload] => 1
    [return] => http://www.pauluduk.com/?page_id=209&order-received=1996&key=wc_order_NbOZ2UFUm8QGA&utm_nooverride=1
    [cancel_return] => http://www.pauluduk.com/?page_id=208&cancel_order=true&order=wc_order_NbOZ2UFUm8QGA&order_id=1996&redirect&_wpnonce=cd4e65c5b7
    [page_style] => 
    [image_url] => 
    [paymentaction] => sale
    [invoice] => WC-1996
    [custom] => {"order_id":1996,"order_key":"wc_order_NbOZ2UFUm8QGA"}
    [notify_url] => http://www.pauluduk.com/?wc-api=WC_Gateway_Paypal
    [first_name] => ***
    [last_name] => ***
    [address1] => ***
    [address2] => ***
    [city] => ***
    [state] => ***
    [zip] => ***
    [country] => ***
    [email] => ***@***
    [night_phone_b] => ***
    [address_override] => 0
    [no_shipping] => 0
    [tax_cart] => 0.00
    [item_name_1] => Bridges to the Customer's Heart
    [quantity_1] => 1
    [amount_1] => 500
    [item_number_1] => 
    [bn] => WooThemes_Cart
)

